<?xml version="1.0" encoding="UTF-8"?>
<!-- Generated by org.testng.reporters.JUnitXMLReporter -->
<testsuite hostname="A2ML16237" name="Test" tests="4" failures="0" timestamp="18 Aug 2017 13:23:45 GMT" time="5.027" errors="0">
  <testcase name="@BeforeTest preCondition" time="0.0" classname="com.dotnetscripts.DisplayLoginPage">
    <failure type="org.openqa.selenium.WebDriverException" message="unknown error: unhandled inspector error: {&amp;quot;code&amp;quot;:-32000,&amp;quot;message&amp;quot;:&amp;quot;Cannot navigate to invalid URL&amp;quot;}
  (Session info: chrome=60.0.3112.101)
  (Driver info: chromedriver=2.29.461591 (62ebf098771772160f391d75e589dc567915b233),platform=Windows NT 10.0.10586 x86_64) (WARNING: The server did not provide any stacktrace information)
Command duration or timeout: 190 milliseconds
Build info: version: &amp;apos;2.53.1&amp;apos;, revision: &amp;apos;a36b8b1&amp;apos;, time: &amp;apos;2016-06-30 17:37:03&amp;apos;
System info: host: &amp;apos;A2ML16237&amp;apos;, ip: &amp;apos;10.52.12.112&amp;apos;, os.name: &amp;apos;Windows 10&amp;apos;, os.arch: &amp;apos;amd64&amp;apos;, os.version: &amp;apos;10.0&amp;apos;, java.version: &amp;apos;1.8.0_102&amp;apos;
Driver info: org.openqa.selenium.chrome.ChromeDriver
Capabilities [{applicationCacheEnabled=false, rotatable=false, mobileEmulationEnabled=false, networkConnectionEnabled=false, chrome={chromedriverVersion=2.29.461591 (62ebf098771772160f391d75e589dc567915b233), userDataDir=C:\Users\m1021092\AppData\Local\Temp\scoped_dir7432_28733}, takesHeapSnapshot=true, pageLoadStrategy=normal, databaseEnabled=false, handlesAlerts=true, hasTouchScreen=false, version=60.0.3112.101, platform=XP, browserConnectionEnabled=false, nativeEvents=true, acceptSslCerts=true, locationContextEnabled=true, webStorageEnabled=true, browserName=chrome, takesScreenshot=true, javascriptEnabled=true, cssSelectorsEnabled=true, unexpectedAlertBehaviour=}]
Session ID: 4aae7122b57eaea20e79f136f70d3ed6">
      <![CDATA[org.openqa.selenium.WebDriverException: unknown error: unhandled inspector error: {"code":-32000,"message":"Cannot navigate to invalid URL"}
  (Session info: chrome=60.0.3112.101)
  (Driver info: chromedriver=2.29.461591 (62ebf098771772160f391d75e589dc567915b233),platform=Windows NT 10.0.10586 x86_64) (WARNING: The server did not provide any stacktrace information)
Command duration or timeout: 190 milliseconds
Build info: version: '2.53.1', revision: 'a36b8b1', time: '2016-06-30 17:37:03'
System info: host: 'A2ML16237', ip: '10.52.12.112', os.name: 'Windows 10', os.arch: 'amd64', os.version: '10.0', java.version: '1.8.0_102'
Driver info: org.openqa.selenium.chrome.ChromeDriver
Capabilities [{applicationCacheEnabled=false, rotatable=false, mobileEmulationEnabled=false, networkConnectionEnabled=false, chrome={chromedriverVersion=2.29.461591 (62ebf098771772160f391d75e589dc567915b233), userDataDir=C:\Users\m1021092\AppData\Local\Temp\scoped_dir7432_28733}, takesHeapSnapshot=true, pageLoadStrategy=normal, databaseEnabled=false, handlesAlerts=true, hasTouchScreen=false, version=60.0.3112.101, platform=XP, browserConnectionEnabled=false, nativeEvents=true, acceptSslCerts=true, locationContextEnabled=true, webStorageEnabled=true, browserName=chrome, takesScreenshot=true, javascriptEnabled=true, cssSelectorsEnabled=true, unexpectedAlertBehaviour=}]
Session ID: 4aae7122b57eaea20e79f136f70d3ed6
	at org.openqa.selenium.remote.ErrorHandler.createThrowable(ErrorHandler.java:206)
	at org.openqa.selenium.remote.ErrorHandler.throwIfResponseFailed(ErrorHandler.java:158)
	at org.openqa.selenium.remote.RemoteWebDriver.execute(RemoteWebDriver.java:678)
	at org.openqa.selenium.remote.RemoteWebDriver.get(RemoteWebDriver.java:316)
	at com.canvashomepage.scripts.BaseTest.preCondition(BaseTest.java:84)
	at com.dotnetscripts.CallTestNG.main(CallTestNG.java:17)
... Removed 24 stack frames]]>
    </failure>
  </testcase> <!-- @BeforeTest preCondition -->
  <testcase name="@AfterTest closeExcel" time="0.0" classname="com.dotnetscripts.DisplayLoginPage">
    <skipped/>
  </testcase> <!-- @AfterTest closeExcel -->
  <testcase name="@AfterTest postCondition" time="0.0" classname="com.dotnetscripts.DisplayLoginPage">
    <skipped/>
  </testcase> <!-- @AfterTest postCondition -->
  <testcase name="testDisplayLoginPage" time="0.0" classname="com.dotnetscripts.DisplayLoginPage">
    <skipped/>
  </testcase> <!-- testDisplayLoginPage -->
  <testcase name="testDisplayRegisterPage" time="0.0" classname="com.dotnetscripts.DisplayRegisterPage">
    <skipped/>
  </testcase> <!-- testDisplayRegisterPage -->
  <testcase name="testDisplayContactPage" time="0.0" classname="com.dotnetscripts.DisplayContactPage">
    <skipped/>
  </testcase> <!-- testDisplayContactPage -->
  <testcase name="testDisplayAboutPage" time="0.0" classname="com.dotnetscripts.DisplayAboutPage">
    <skipped/>
  </testcase> <!-- testDisplayAboutPage -->
</testsuite> <!-- Test -->
